<?xml version="1.0" encoding="UTF-8"?>
<!-- Generated by org.testng.reporters.JUnitReportReporter -->
<testsuite hostname="DESKTOP-ABJOE7G" failures="0" tests="2" name="Test.parrllelTestingDemo" time="21.139" errors="0" timestamp="11 Sept 2023 22:03:18 GMT" skipped="0">
  <testcase classname="Test.parrllelTestingDemo" name="FirefoxTest" time="10.955"/>
  <testcase classname="Test.parrllelTestingDemo" name="ChromeTest" time="10.184"/>
</testsuite> <!-- Test.parrllelTestingDemo -->
